# JRE version: OpenJDK Runtime Environment (8.0_242-b01) (build 1.8.0_242-release-1644-b01)
# Java VM: OpenJDK 64-Bit Server VM (25.242-b01 mixed mode windows-amd64 compressed oops)
Heap:
 PSYoungGen      total 130048K, used 72853K [0x00000000d5580000, 0x00000000df600000, 0x0000000100000000)
  eden space 96768K, 73% used [0x00000000d5580000,0x00000000d9b5cde0,0x00000000db400000)
  from space 33280K, 3% used [0x00000000dd580000,0x00000000dd6c88c8,0x00000000df600000)
  to   space 33792K, 0% used [0x00000000db400000,0x00000000db400000,0x00000000dd500000)
 ParOldGen       total 122880K, used 101277K [0x0000000080000000, 0x0000000087800000, 0x00000000d5580000)
  object space 122880K, 82% used [0x0000000080000000,0x00000000862e7688,0x0000000087800000)
 Metaspace       used 110208K, capacity 115960K, committed 116056K, reserved 1148928K
  class space    used 14571K, capacity 15713K, committed 15744K, reserved 1048576K
GC Heap History (10 events):
Event: 2883.274 GC heap before
{Heap before GC invocations=50 (full 4):
 PSYoungGen      total 98304K, used 98282K [0x00000000d5580000, 0x00000000dda80000, 0x0000000100000000)
  eden space 77824K, 100% used [0x00000000d5580000,0x00000000da180000,0x00000000da180000)
  from space 20480K, 99% used [0x00000000da180000,0x00000000db57aa50,0x00000000db580000)
  to   space 25088K, 0% used [0x00000000dc200000,0x00000000dc200000,0x00000000dda80000)
 ParOldGen       total 122880K, used 60490K [0x0000000080000000, 0x0000000087800000, 0x00000000d5580000)
  object space 122880K, 49% used [0x0000000080000000,0x0000000083b12a38,0x0000000087800000)
 Metaspace       used 106979K, capacity 112536K, committed 112856K, reserved 1146880K
  class space    used 14208K, capacity 15323K, committed 15360K, reserved 1048576K
Event: 2883.367 GC heap after
Heap after GC invocations=50 (full 4):
 PSYoungGen      total 102400K, used 25061K [0x00000000d5580000, 0x00000000dee00000, 0x0000000100000000)
  eden space 77312K, 0% used [0x00000000d5580000,0x00000000d5580000,0x00000000da100000)
  from space 25088K, 99% used [0x00000000dc200000,0x00000000dda79720,0x00000000dda80000)
  to   space 33792K, 0% used [0x00000000da100000,0x00000000da100000,0x00000000dc200000)
 ParOldGen       total 122880K, used 72255K [0x0000000080000000, 0x0000000087800000, 0x00000000d5580000)
  object space 122880K, 58% used [0x0000000080000000,0x000000008468ff18,0x0000000087800000)
 Metaspace       used 106979K, capacity 112536K, committed 112856K, reserved 1146880K
  class space    used 14208K, capacity 15323K, committed 15360K, reserved 1048576K
}
Event: 2887.649 GC heap before
{Heap before GC invocations=51 (full 4):
 PSYoungGen      total 102400K, used 102373K [0x00000000d5580000, 0x00000000dee00000, 0x0000000100000000)
  eden space 77312K, 100% used [0x00000000d5580000,0x00000000da100000,0x00000000da100000)
  from space 25088K, 99% used [0x00000000dc200000,0x00000000dda79720,0x00000000dda80000)
  to   space 33792K, 0% used [0x00000000da100000,0x00000000da100000,0x00000000dc200000)
 ParOldGen       total 122880K, used 72255K [0x0000000080000000, 0x0000000087800000, 0x00000000d5580000)
  object space 122880K, 58% used [0x0000000080000000,0x000000008468ff18,0x0000000087800000)
 Metaspace       used 108037K, capacity 113586K, committed 113752K, reserved 1146880K
  class space    used 14333K, capacity 15454K, committed 15488K, reserved 1048576K
Event: 2887.691 GC heap after
Heap after GC invocations=51 (full 4):
 PSYoungGen      total 111104K, used 21130K [0x00000000d5580000, 0x00000000dee00000, 0x0000000100000000)
  eden space 77312K, 0% used [0x00000000d5580000,0x00000000d5580000,0x00000000da100000)
  from space 33792K, 62% used [0x00000000da100000,0x00000000db5a2a38,0x00000000dc200000)
  to   space 34304K, 0% used [0x00000000dcc80000,0x00000000dcc80000,0x00000000dee00000)
 ParOldGen       total 122880K, used 79596K [0x0000000080000000, 0x0000000087800000, 0x00000000d5580000)
  object space 122880K, 64% used [0x0000000080000000,0x0000000084dbb2e8,0x0000000087800000)
 Metaspace       used 108037K, capacity 113586K, committed 113752K, reserved 1146880K
  class space    used 14333K, capacity 15454K, committed 15488K, reserved 1048576K
}
Event: 2891.374 GC heap before
{Heap before GC invocations=52 (full 4):
 PSYoungGen      total 111104K, used 98442K [0x00000000d5580000, 0x00000000dee00000, 0x0000000100000000)
  eden space 77312K, 100% used [0x00000000d5580000,0x00000000da100000,0x00000000da100000)
  from space 33792K, 62% used [0x00000000da100000,0x00000000db5a2a38,0x00000000dc200000)
  to   space 34304K, 0% used [0x00000000dcc80000,0x00000000dcc80000,0x00000000dee00000)
 ParOldGen       total 122880K, used 79596K [0x0000000080000000, 0x0000000087800000, 0x00000000d5580000)
  object space 122880K, 64% used [0x0000000080000000,0x0000000084dbb2e8,0x0000000087800000)
 Metaspace       used 108965K, capacity 114674K, committed 114904K, reserved 1148928K
  class space    used 14438K, capacity 15552K, committed 15616K, reserved 1048576K
Event: 2891.416 GC heap after
Heap after GC invocations=52 (full 4):
 PSYoungGen      total 120832K, used 17847K [0x00000000d5580000, 0x00000000ded00000, 0x0000000100000000)
  eden space 87552K, 0% used [0x00000000d5580000,0x00000000d5580000,0x00000000dab00000)
  from space 33280K, 53% used [0x00000000dcc80000,0x00000000dddedd78,0x00000000ded00000)
  to   space 33792K, 0% used [0x00000000dab00000,0x00000000dab00000,0x00000000dcc00000)
 ParOldGen       total 122880K, used 88940K [0x0000000080000000, 0x0000000087800000, 0x00000000d5580000)
  object space 122880K, 72% used [0x0000000080000000,0x00000000856db1b0,0x0000000087800000)
 Metaspace       used 108965K, capacity 114674K, committed 114904K, reserved 1148928K
  class space    used 14438K, capacity 15552K, committed 15616K, reserved 1048576K
}
Event: 2910.515 GC heap before
{Heap before GC invocations=53 (full 4):
 PSYoungGen      total 120832K, used 105399K [0x00000000d5580000, 0x00000000ded00000, 0x0000000100000000)
  eden space 87552K, 100% used [0x00000000d5580000,0x00000000dab00000,0x00000000dab00000)
  from space 33280K, 53% used [0x00000000dcc80000,0x00000000dddedd78,0x00000000ded00000)
  to   space 33792K, 0% used [0x00000000dab00000,0x00000000dab00000,0x00000000dcc00000)
 ParOldGen       total 122880K, used 88940K [0x0000000080000000, 0x0000000087800000, 0x00000000d5580000)
  object space 122880K, 72% used [0x0000000080000000,0x00000000856db1b0,0x0000000087800000)
 Metaspace       used 110084K, capacity 115892K, committed 116056K, reserved 1148928K
  class space    used 14567K, capacity 15713K, committed 15744K, reserved 1048576K
Event: 2910.549 GC heap after
Heap after GC invocations=53 (full 4):
 PSYoungGen      total 121344K, used 3903K [0x00000000d5580000, 0x00000000df680000, 0x0000000100000000)
  eden space 87552K, 0% used [0x00000000d5580000,0x00000000d5580000,0x00000000dab00000)
  from space 33792K, 11% used [0x00000000dab00000,0x00000000daecfe28,0x00000000dcc00000)
  to   space 33792K, 0% used [0x00000000dd580000,0x00000000dd580000,0x00000000df680000)
 ParOldGen       total 122880K, used 99540K [0x0000000080000000, 0x0000000087800000, 0x00000000d5580000)
  object space 122880K, 81% used [0x0000000080000000,0x0000000086135240,0x0000000087800000)
 Metaspace       used 110084K, capacity 115892K, committed 116056K, reserved 1148928K
  class space    used 14567K, capacity 15713K, committed 15744K, reserved 1048576K
}
Event: 2913.571 GC heap before
{Heap before GC invocations=54 (full 4):
 PSYoungGen      total 121344K, used 91455K [0x00000000d5580000, 0x00000000df680000, 0x0000000100000000)
  eden space 87552K, 100% used [0x00000000d5580000,0x00000000dab00000,0x00000000dab00000)
  from space 33792K, 11% used [0x00000000dab00000,0x00000000daecfe28,0x00000000dcc00000)
  to   space 33792K, 0% used [0x00000000dd580000,0x00000000dd580000,0x00000000df680000)
 ParOldGen       total 122880K, used 99540K [0x0000000080000000, 0x0000000087800000, 0x00000000d5580000)
  object space 122880K, 81% used [0x0000000080000000,0x0000000086135240,0x0000000087800000)
 Metaspace       used 110205K, capacity 115960K, committed 116056K, reserved 1148928K
  class space    used 14571K, capacity 15713K, committed 15744K, reserved 1048576K
Event: 2913.589 GC heap after
Heap after GC invocations=54 (full 4):
 PSYoungGen      total 130048K, used 1314K [0x00000000d5580000, 0x00000000df600000, 0x0000000100000000)
  eden space 96768K, 0% used [0x00000000d5580000,0x00000000d5580000,0x00000000db400000)
  from space 33280K, 3% used [0x00000000dd580000,0x00000000dd6c88c8,0x00000000df600000)
  to   space 33792K, 0% used [0x00000000db400000,0x00000000db400000,0x00000000dd500000)
 ParOldGen       total 122880K, used 101277K [0x0000000080000000, 0x0000000087800000, 0x00000000d5580000)
  object space 122880K, 82% used [0x0000000080000000,0x00000000862e7688,0x0000000087800000)
 Metaspace       used 110205K, capacity 115960K, committed 116056K, reserved 1148928K
  class space    used 14571K, capacity 15713K, committed 15744K, reserved 1048576K
}

